Using launch settings from /Users/Azizkhon_Ishankhonov/Documents/EPAM/teams-streaming-call/Properties/launchSettings.json...
Building...
info: Microsoft.Hosting.Lifetime[14]
      Now listening on: http://127.0.0.1:5078
info: Microsoft.Hosting.Lifetime[0]
      Application started. Press Ctrl+C to shut down.
info: Microsoft.Hosting.Lifetime[0]
      Hosting environment: Development
info: Microsoft.Hosting.Lifetime[0]
      Content root path: /Users/Azizkhon_Ishankhonov/Documents/EPAM/teams-streaming-call
warn: Microsoft.AspNetCore.HttpsPolicy.HttpsRedirectionMiddleware[3]
      Failed to determine the https port for redirect.
info: teams_streaming_call.Services.FileCallNotificationArchiver[0]
      Archived call notification for call-123 to /Users/Azizkhon_Ishankhonov/Documents/EPAM/teams-streaming-call/captures/signaling/20260326/131637164-call-123-85f275921b834b6896bf68993c32286b.json
warn: teams_streaming_call.Services.MediaCaptureCoordinator[0]
      Audio/video modalities detected. Webhook capture is active, but real media sockets are disabled. Enable TeamsCallBot:EnableWindowsMediaCapture on a supported Windows host to receive raw media streams. CallId: call-123
info: teams_streaming_call.Services.CallNotificationProcessor[0]
      Processed notification notification-1 for call call-123 with state established and modalities [audio, video]
info: Microsoft.Hosting.Lifetime[0]
      Application is shutting down...
